Start time: 2020-05-17 11:07:16.668616
Caption: Hyper-V
Description: Hyper-V RAW
Install date: None
Status: None
Guarantees delivery: True
Name: Hyper-V RAW
Maximum address size: 36
Maximum message size: 0
Caption: AF_UNIX
Description: AF_UNIX
Install date: None
Status: None
Guarantees delivery: True
Name: AF_UNIX
Maximum address size: 110
Maximum message size: 0
Caption: Tcpip
Description: @%SystemRoot%\system32\drivers\tcpip.sys,-10001
Install date: 20200313114723.025923+120
Status: OK
Guarantees delivery: True
Name: MSAFD Tcpip [TCP/IP]
Maximum address size: 16
Maximum message size: 0
Caption: Tcpip
Description: @%SystemRoot%\system32\drivers\tcpip.sys,-10001
Install date: 20200313114723.025923+120
Status: OK
Guarantees delivery: False
Name: MSAFD Tcpip [UDP/IP]
Maximum address size: 16
Maximum message size: 65527
Caption: Tcpip
Description: @%SystemRoot%\system32\drivers\tcpip.sys,-10001
Install date: 20200313114723.025923+120
Status: OK
Guarantees delivery: True
Name: MSAFD Tcpip [TCP/IPv6]
Maximum address size: 28
Maximum message size: 0
Caption: Tcpip
Description: @%SystemRoot%\system32\drivers\tcpip.sys,-10001
Install date: 20200313114723.025923+120
Status: OK
Guarantees delivery: False
Name: MSAFD Tcpip [UDP/IPv6]
Maximum address size: 28
Maximum message size: 65527
Caption: RSVP
Description: RSVP TCPv6 Service Provider
Install date: None
Status: None
Guarantees delivery: True
Name: RSVP TCPv6 Service Provider
Maximum address size: 28
Maximum message size: 0
Caption: RSVP
Description: RSVP TCP Service Provider
Install date: None
Status: None
Guarantees delivery: True
Name: RSVP TCP Service Provider
Maximum address size: 16
Maximum message size: 0
Caption: RSVP
Description: RSVP UDPv6 Service Provider
Install date: None
Status: None
Guarantees delivery: False
Name: RSVP UDPv6 Service Provider
Maximum address size: 28
Maximum message size: 65527
Caption: RSVP
Description: RSVP UDP Service Provider
Install date: None
Status: None
Guarantees delivery: False
Name: RSVP UDP Service Provider
Maximum address size: 16
Maximum message size: 65527
Caption: L2CAP
Description: MSAFD L2CAP [Bluetooth]
Install date: None
Status: None
Guarantees delivery: True
Name: MSAFD L2CAP [Bluetooth]
Maximum address size: 30
Maximum message size: 0
Caption: RfComm
Description: @tdibth.inf,%RFCOMM.DisplayName%;Bluetooth Device (RFCOMM Protocol TDI)
Install date: 20190319064343.164348+120
Status: OK
Guarantees delivery: True
Name: MSAFD RfComm [Bluetooth]
Maximum address size: 30
Maximum message size: 0
Caption: Workstation
Description: LanmanWorkstation
Install date: None
Status: OK
Manufacturer: Microsoft Corporation
Name: Microsoft Windows Network
Done
End time: 2020-05-17 11:07:17.398407
Execution time: 0.7297916412353516s

------- 
Start time: 2020-05-17 11:41:51.579472
Caption: Hyper-V
Description: Hyper-V RAW
Install date: None
Status: None
Guarantees delivery: True
Name: Hyper-V RAW
Maximum address size: 36
Maximum message size: 0
Caption: AF_UNIX
Description: AF_UNIX
Install date: None
Status: None
Guarantees delivery: True
Name: AF_UNIX
Maximum address size: 110
Maximum message size: 0
Caption: Tcpip
Description: @%SystemRoot%\system32\drivers\tcpip.sys,-10001
Install date: 20200313114723.025923+120
Status: OK
Guarantees delivery: True
Name: MSAFD Tcpip [TCP/IP]
Maximum address size: 16
Maximum message size: 0
Caption: Tcpip
Description: @%SystemRoot%\system32\drivers\tcpip.sys,-10001
Install date: 20200313114723.025923+120
Status: OK
Guarantees delivery: False
Name: MSAFD Tcpip [UDP/IP]
Maximum address size: 16
Maximum message size: 65527
Caption: Tcpip
Description: @%SystemRoot%\system32\drivers\tcpip.sys,-10001
Install date: 20200313114723.025923+120
Status: OK
Guarantees delivery: True
Name: MSAFD Tcpip [TCP/IPv6]
Maximum address size: 28
Maximum message size: 0
Caption: Tcpip
Description: @%SystemRoot%\system32\drivers\tcpip.sys,-10001
Install date: 20200313114723.025923+120
Status: OK
Guarantees delivery: False
Name: MSAFD Tcpip [UDP/IPv6]
Maximum address size: 28
Maximum message size: 65527
Caption: RSVP
Description: RSVP TCPv6 Service Provider
Install date: None
Status: None
Guarantees delivery: True
Name: RSVP TCPv6 Service Provider
Maximum address size: 28
Maximum message size: 0
Caption: RSVP
Description: RSVP TCP Service Provider
Install date: None
Status: None
Guarantees delivery: True
Name: RSVP TCP Service Provider
Maximum address size: 16
Maximum message size: 0
Caption: RSVP
Description: RSVP UDPv6 Service Provider
Install date: None
Status: None
Guarantees delivery: False
Name: RSVP UDPv6 Service Provider
Maximum address size: 28
Maximum message size: 65527
Caption: RSVP
Description: RSVP UDP Service Provider
Install date: None
Status: None
Guarantees delivery: False
Name: RSVP UDP Service Provider
Maximum address size: 16
Maximum message size: 65527
Caption: L2CAP
Description: MSAFD L2CAP [Bluetooth]
Install date: None
Status: None
Guarantees delivery: True
Name: MSAFD L2CAP [Bluetooth]
Maximum address size: 30
Maximum message size: 0
Caption: RfComm
Description: @tdibth.inf,%RFCOMM.DisplayName%;Bluetooth Device (RFCOMM Protocol TDI)
Install date: 20190319064343.164348+120
Status: OK
Guarantees delivery: True
Name: MSAFD RfComm [Bluetooth]
Maximum address size: 30
Maximum message size: 0
Caption: Workstation
Description: LanmanWorkstation
Install date: None
Status: OK
Manufacturer: Microsoft Corporation
Name: Microsoft Windows Network
Done
End time: 2020-05-17 11:41:52.418211
Execution time: 0.838738203048706s

------- 
