20/03/2020 
Starting time: 14:54:42,70 
Execution program 
Turn off the vm Amelia 
Setting the vm Amelia's network setting to nat 
Turn on the machine Amelia
End program 
Ending time: 14:54:43,32 

07/04/2020 
Starting time: 15:32:49,20 
Execution program 
Turn off the vm Amelia 
Setting the vm Amelia's network setting to bridged 
Turn on the machine Amelia 
End program 
Ending time: 15:32:50,06 
 
07/04/2020 
Starting time: 15:35:42,50 
Execution program 
Turn off the vm Amelia 
Setting the vm Amelia's network setting to nat 
Turn on the machine Amelia 
End program  
Ending time: 15:35:42,96 
 
 
