2020-03-20 15:42:53.656020
Trying to do the istruction
Done
End at: 2020-03-20 15:42:54.162503

2020-03-20 15:44:02.285754
Trying to do the instruction
Done
End at: 2020-03-20 15:44:02.803935

2020-03-26 20:10:08.984791
Trying to do the instruction
Done
End at: 2020-03-26 20:10:09.647317

2020-04-07 15:33:24.977696
Trying to do the instruction
Done
End at: 2020-04-07 15:33:25.375386

2020-04-07 15:34:51.417180
Trying to do the instruction
Done
End at: 2020-04-07 15:34:51.825553

